2023-08-03 18:08:14.088 +0530 [debug] ([34mconfigs.js[0m) [31mloaded default configs as "{"updates":{"manifest_url":"https://cdn.freshdev.io/assets/fdk/updates.json","period":24},"log":{"level":"info"},"javascript":{"ecma_version":2020},"request":{"timeout":5000}}"[0m
2023-08-03 18:08:14.091 +0530 [debug] ([34mfile.js[0m) [31mError while requiring /home/sms/.fdk/configs.json: Cannot find module '/home/sms/.fdk/configs.json'
Require stack:
- /home/sms/.nvm/versions/node/v18.17.0/lib/node_modules/fdk/lib/utils/file.js
- /home/sms/.nvm/versions/node/v18.17.0/lib/node_modules/fdk/lib/configs.js
- /home/sms/.nvm/versions/node/v18.17.0/lib/node_modules/fdk/lib/logger.js
- /home/sms/.nvm/versions/node/v18.17.0/lib/node_modules/fdk/index.js[0m
2023-08-03 18:08:14.091 +0530 [debug] ([34mconfigs.js[0m) [31mloaded global configs as "{}"[0m
2023-08-03 18:08:14.092 +0530 [debug] ([34mfile.js[0m) [31mError while requiring /mnt/c/Users/salai/Desktop/freshservice-custom-apps/sms/.fdk/configs.json: Cannot find module '/mnt/c/Users/salai/Desktop/freshservice-custom-apps/sms/.fdk/configs.json'
Require stack:
- /home/sms/.nvm/versions/node/v18.17.0/lib/node_modules/fdk/lib/utils/file.js
- /home/sms/.nvm/versions/node/v18.17.0/lib/node_modules/fdk/lib/configs.js
- /home/sms/.nvm/versions/node/v18.17.0/lib/node_modules/fdk/lib/logger.js
- /home/sms/.nvm/versions/node/v18.17.0/lib/node_modules/fdk/index.js[0m
2023-08-03 18:08:14.092 +0530 [debug] ([34mconfigs.js[0m) [31mloaded local configs as "{}"[0m
2023-08-03 18:08:14.092 +0530 [debug] ([34mconfigs.js[0m) [31mloaded env configs as "{"updates":{},"log":{},"javascript":{},"request":{"timeout":5000}}"[0m
2023-08-03 18:08:14.092 +0530 [debug] ([34mconfigs.js[0m) [31mloaded resolved configs as "{"updates":{"manifest_url":"https://cdn.freshdev.io/assets/fdk/updates.json","period":24},"log":{"level":"info"},"javascript":{"ecma_version":2020},"request":{"timeout":5000}}"[0m
2023-08-03 18:08:14.092 +0530 [debug] ([34mlogger.js[0m) [31mStarting FDK in node v18.17.0 on linux[0m
2023-08-03 18:08:14.093 +0530 [debug] ([34msequelize.js[0m) [31msetting up sqilite at "/mnt/c/Users/salai/Desktop/freshservice-custom-apps/sms/.fdk/store.sqlite"[0m
2023-08-03 18:08:14.093 +0530 [debug] ([34mdata.js[0m) [31mRead {"version_details":{"cli":{"deprecated":{"version":"<9","message":"This FDK version will be deprecated by September 30, 2023 There will be no further feature updates to this version. For a seamless app building experience, ensure to move to the latest FDK version. For more information, see https://developers.freshdesk.com/v2/docs/migration-overview/#latest_platform_version_migration."},"forced":{"version":"7.0.0","command":"npm install https://dl.freshdev.io/cli/fdk-7.0.0.tgz -g","message":"Your FDK version has been forced updated to v7.0.0, please visit https://community.developers.freshworks.com/t/fdk-v7-0-announcing-node-js-v12-and-es6-support/3606 to know more"},"latest":{"version":"9.0.3","command":"npm install https://cdn.freshdev.io/fdk/latest.tgz -g","message":"You are on the latest FDK version. For information on the features available as part of this FDK version, see https://developers.freshdesk.com/v2/docs/what's-new/ ."}},"addon":{"version":"1.13.5","url":"https://cdn.freshdev.io/assets/fdk/addons/addon.zip"}},"last_updated":{"time_stamp":1691066224067}}[0m
2023-08-03 18:08:14.093 +0530 [debug] ([34mupdater.js[0m) [31mlast check less than 24 hours ago, not looking for updates[0m
2023-08-03 18:08:14.099 +0530 [debug] ([34mindex.js[0m) [31mrunning with opts {}[0m
2023-08-03 18:08:14.112 +0530 [debug] ([34mdata.js[0m) [31mRead {"version_details":{"cli":{"deprecated":{"version":"<9","message":"This FDK version will be deprecated by September 30, 2023 There will be no further feature updates to this version. For a seamless app building experience, ensure to move to the latest FDK version. For more information, see https://developers.freshdesk.com/v2/docs/migration-overview/#latest_platform_version_migration."},"forced":{"version":"7.0.0","command":"npm install https://dl.freshdev.io/cli/fdk-7.0.0.tgz -g","message":"Your FDK version has been forced updated to v7.0.0, please visit https://community.developers.freshworks.com/t/fdk-v7-0-announcing-node-js-v12-and-es6-support/3606 to know more"},"latest":{"version":"9.0.3","command":"npm install https://cdn.freshdev.io/fdk/latest.tgz -g","message":"You are on the latest FDK version. For information on the features available as part of this FDK version, see https://developers.freshdesk.com/v2/docs/what's-new/ ."}},"addon":{"version":"1.13.5","url":"https://cdn.freshdev.io/assets/fdk/addons/addon.zip"}},"last_updated":{"time_stamp":1691066224067}}[0m
2023-08-03 18:08:14.115 +0530 [debug] ([34mcreate.js[0m) [31m'init' called with /mnt/c/Users/salai/Desktop/freshservice-custom-apps/sms, undefined, undefined[0m
2023-08-03 18:08:24.055 +0530 [debug] ([34mcreate.js[0m) [31mInitializing template "your_first_app" with product "freshservice".[0m
2023-08-03 18:08:24.354 +0530 [info] A new Freshservice app was successfully created from template "your_first_app" with the following files.

2023-08-03 18:28:42.381 +0530 [debug] ([34mconfigs.js[0m) [31mloaded default configs as "{"updates":{"manifest_url":"https://cdn.freshdev.io/assets/fdk/updates.json","period":24},"log":{"level":"info"},"javascript":{"ecma_version":2020},"request":{"timeout":5000}}"[0m
2023-08-03 18:28:42.383 +0530 [debug] ([34mfile.js[0m) [31mError while requiring /home/sms/.fdk/configs.json: Cannot find module '/home/sms/.fdk/configs.json'
Require stack:
- /home/sms/.nvm/versions/node/v18.17.0/lib/node_modules/fdk/lib/utils/file.js
- /home/sms/.nvm/versions/node/v18.17.0/lib/node_modules/fdk/lib/configs.js
- /home/sms/.nvm/versions/node/v18.17.0/lib/node_modules/fdk/lib/logger.js
- /home/sms/.nvm/versions/node/v18.17.0/lib/node_modules/fdk/index.js[0m
2023-08-03 18:28:42.384 +0530 [debug] ([34mconfigs.js[0m) [31mloaded global configs as "{}"[0m
2023-08-03 18:28:42.384 +0530 [debug] ([34mfile.js[0m) [31mError while requiring /mnt/c/Users/salai/Desktop/freshservice-custom-apps/sms/.fdk/configs.json: Cannot find module '/mnt/c/Users/salai/Desktop/freshservice-custom-apps/sms/.fdk/configs.json'
Require stack:
- /home/sms/.nvm/versions/node/v18.17.0/lib/node_modules/fdk/lib/utils/file.js
- /home/sms/.nvm/versions/node/v18.17.0/lib/node_modules/fdk/lib/configs.js
- /home/sms/.nvm/versions/node/v18.17.0/lib/node_modules/fdk/lib/logger.js
- /home/sms/.nvm/versions/node/v18.17.0/lib/node_modules/fdk/index.js[0m
2023-08-03 18:28:42.384 +0530 [debug] ([34mconfigs.js[0m) [31mloaded local configs as "{}"[0m
2023-08-03 18:28:42.384 +0530 [debug] ([34mconfigs.js[0m) [31mloaded env configs as "{"updates":{},"log":{},"javascript":{},"request":{"timeout":5000}}"[0m
2023-08-03 18:28:42.385 +0530 [debug] ([34mconfigs.js[0m) [31mloaded resolved configs as "{"updates":{"manifest_url":"https://cdn.freshdev.io/assets/fdk/updates.json","period":24},"log":{"level":"info"},"javascript":{"ecma_version":2020},"request":{"timeout":5000}}"[0m
2023-08-03 18:28:42.385 +0530 [debug] ([34mlogger.js[0m) [31mStarting FDK in node v18.17.0 on linux[0m
2023-08-03 18:28:42.385 +0530 [debug] ([34msequelize.js[0m) [31msetting up sqilite at "/mnt/c/Users/salai/Desktop/freshservice-custom-apps/sms/.fdk/store.sqlite"[0m
2023-08-03 18:28:42.385 +0530 [debug] ([34mdata.js[0m) [31mRead {"version_details":{"cli":{"deprecated":{"version":"<9","message":"This FDK version will be deprecated by September 30, 2023 There will be no further feature updates to this version. For a seamless app building experience, ensure to move to the latest FDK version. For more information, see https://developers.freshdesk.com/v2/docs/migration-overview/#latest_platform_version_migration."},"forced":{"version":"7.0.0","command":"npm install https://dl.freshdev.io/cli/fdk-7.0.0.tgz -g","message":"Your FDK version has been forced updated to v7.0.0, please visit https://community.developers.freshworks.com/t/fdk-v7-0-announcing-node-js-v12-and-es6-support/3606 to know more"},"latest":{"version":"9.0.3","command":"npm install https://cdn.freshdev.io/fdk/latest.tgz -g","message":"You are on the latest FDK version. For information on the features available as part of this FDK version, see https://developers.freshdesk.com/v2/docs/what's-new/ ."}},"addon":{"version":"1.13.5","url":"https://cdn.freshdev.io/assets/fdk/addons/addon.zip"}},"last_updated":{"time_stamp":1691066224067}}[0m
2023-08-03 18:28:42.386 +0530 [debug] ([34mupdater.js[0m) [31mlast check less than 24 hours ago, not looking for updates[0m
2023-08-03 18:28:42.393 +0530 [debug] ([34mindex.js[0m) [31mrunning with opts {}[0m
2023-08-03 18:28:42.652 +0530 [debug] ([34mmanifest.js[0m) [31mReloading manifest with {"platform-version":"2.3","product":{"freshservice":{"location":{"ticket_sidebar":{"url":"index.html","icon":"styles/images/icon.svg"}}}},"engines":{"node":"18.17.0","fdk":"9.0.3"}}.[0m
2023-08-03 18:28:42.656 +0530 [debug] ([34mmanifest.js[0m) [31mInferred db as features.[0m
2023-08-03 18:28:42.665 +0530 [debug] ([34mdata.js[0m) [31mRead {"version_details":{"cli":{"deprecated":{"version":"<9","message":"This FDK version will be deprecated by September 30, 2023 There will be no further feature updates to this version. For a seamless app building experience, ensure to move to the latest FDK version. For more information, see https://developers.freshdesk.com/v2/docs/migration-overview/#latest_platform_version_migration."},"forced":{"version":"7.0.0","command":"npm install https://dl.freshdev.io/cli/fdk-7.0.0.tgz -g","message":"Your FDK version has been forced updated to v7.0.0, please visit https://community.developers.freshworks.com/t/fdk-v7-0-announcing-node-js-v12-and-es6-support/3606 to know more"},"latest":{"version":"9.0.3","command":"npm install https://cdn.freshdev.io/fdk/latest.tgz -g","message":"You are on the latest FDK version. For information on the features available as part of this FDK version, see https://developers.freshdesk.com/v2/docs/what's-new/ ."}},"addon":{"version":"1.13.5","url":"https://cdn.freshdev.io/assets/fdk/addons/addon.zip"}},"last_updated":{"time_stamp":1691066224067}}[0m
2023-08-03 18:28:42.686 +0530 [debug] ([34mdata.js[0m) [31mRead {"version_details":{"cli":{"deprecated":{"version":"<9","message":"This FDK version will be deprecated by September 30, 2023 There will be no further feature updates to this version. For a seamless app building experience, ensure to move to the latest FDK version. For more information, see https://developers.freshdesk.com/v2/docs/migration-overview/#latest_platform_version_migration."},"forced":{"version":"7.0.0","command":"npm install https://dl.freshdev.io/cli/fdk-7.0.0.tgz -g","message":"Your FDK version has been forced updated to v7.0.0, please visit https://community.developers.freshworks.com/t/fdk-v7-0-announcing-node-js-v12-and-es6-support/3606 to know more"},"latest":{"version":"9.0.3","command":"npm install https://cdn.freshdev.io/fdk/latest.tgz -g","message":"You are on the latest FDK version. For information on the features available as part of this FDK version, see https://developers.freshdesk.com/v2/docs/what's-new/ ."}},"addon":{"version":"1.13.5","url":"https://cdn.freshdev.io/assets/fdk/addons/addon.zip"}},"last_updated":{"time_stamp":1691066224067}}[0m
2023-08-03 18:28:42.983 +0530 [debug] ([34mfile.js[0m) [31mError while requiring /mnt/c/Users/salai/Desktop/freshservice-custom-apps/sms/.report.json: Cannot find module '/mnt/c/Users/salai/Desktop/freshservice-custom-apps/sms/.report.json'
Require stack:
- /home/sms/.nvm/versions/node/v18.17.0/lib/node_modules/fdk/lib/utils/file.js
- /home/sms/.nvm/versions/node/v18.17.0/lib/node_modules/fdk/lib/configs.js
- /home/sms/.nvm/versions/node/v18.17.0/lib/node_modules/fdk/lib/logger.js
- /home/sms/.nvm/versions/node/v18.17.0/lib/node_modules/fdk/index.js[0m
2023-08-03 18:28:43.989 +0530 [debug] ([34mdata.js[0m) [31mRead {"version_details":{"cli":{"deprecated":{"version":"<9","message":"This FDK version will be deprecated by September 30, 2023 There will be no further feature updates to this version. For a seamless app building experience, ensure to move to the latest FDK version. For more information, see https://developers.freshdesk.com/v2/docs/migration-overview/#latest_platform_version_migration."},"forced":{"version":"7.0.0","command":"npm install https://dl.freshdev.io/cli/fdk-7.0.0.tgz -g","message":"Your FDK version has been forced updated to v7.0.0, please visit https://community.developers.freshworks.com/t/fdk-v7-0-announcing-node-js-v12-and-es6-support/3606 to know more"},"latest":{"version":"9.0.3","command":"npm install https://cdn.freshdev.io/fdk/latest.tgz -g","message":"You are on the latest FDK version. For information on the features available as part of this FDK version, see https://developers.freshdesk.com/v2/docs/what's-new/ ."}},"addon":{"version":"1.13.5","url":"https://cdn.freshdev.io/assets/fdk/addons/addon.zip"}},"last_updated":{"time_stamp":1691066224067}}[0m
2023-08-03 18:28:44.894 +0530 [debug] ([34mvalidate.js[0m) [31masked to skip the following validations, [0m
2023-08-03 18:28:44.896 +0530 [debug] ([34mvalidate.js[0m) [31mrunning validator actions[0m
2023-08-03 18:28:44.896 +0530 [debug] ([34mvalidate.js[0m) [31mrunning validator requests[0m
2023-08-03 18:28:44.897 +0530 [debug] ([34mvalidate.js[0m) [31mrunning validator app-dir[0m
2023-08-03 18:28:44.927 +0530 [debug] ([34mvalidate.js[0m) [31mrunning validator config-dir[0m
2023-08-03 18:28:44.928 +0530 [debug] ([34mconfig-dir.js[0m) [31mChecking to see if /mnt/c/Users/salai/Desktop/freshservice-custom-apps/sms/config/ exists.[0m
2023-08-03 18:28:44.937 +0530 [debug] ([34mconfig-dir.js[0m) [31mFetched the following config files iparams.json[0m
2023-08-03 18:28:44.937 +0530 [debug] ([34mvalidate.js[0m) [31mrunning validator custom-objects[0m
2023-08-03 18:28:44.937 +0530 [debug] ([34mvalidate.js[0m) [31mrunning validator event[0m
2023-08-03 18:28:44.937 +0530 [debug] ([34mvalidate.js[0m) [31mrunning validator iparam[0m
2023-08-03 18:28:45.009 +0530 [debug] ([34mvalidate.js[0m) [31mrunning validator lint[0m
2023-08-03 18:28:45.009 +0530 [debug] ([34mlint.js[0m) [31mpassed fix flag: undefined[0m
2023-08-03 18:28:45.128 +0530 [debug] ([34mlint.js[0m) [31mRunning the following lints on the file app/scripts/app.js : no-caller,no-process-env,complexity,max-nested-callbacks,handle-callback-err,no-eval,no-alert,no-debugger,no-unreachable,no-unhandled-promise,no-logging-rejections,no-non-client-request-model,no-deprecated-apis,no-proxy-requests,no-cross-scope-assign,no-empty-function,no-unused-vars[0m
2023-08-03 18:28:45.192 +0530 [debug] ([34mvalidate.js[0m) [31mrunning validator manifest[0m
2023-08-03 18:28:45.193 +0530 [debug] ([34mvalidate.js[0m) [31mskipping validator manifest-dependency[0m
2023-08-03 18:28:45.193 +0530 [debug] ([34mvalidate.js[0m) [31mrunning validator oauth[0m
2023-08-03 18:28:45.193 +0530 [debug] ([34mvalidate.js[0m) [31mskipping validator pkgsize[0m
2023-08-03 18:28:45.193 +0530 [debug] ([34mvalidate.js[0m) [31mrunning validator schema[0m
2023-08-03 18:28:45.193 +0530 [debug] ([34mvalidate.js[0m) [31mrunning validator version-check[0m
2023-08-03 18:28:45.245 +0530 [debug] ([34mwatcher.js[0m) [31mPreparing to watch the following files ./app,./config,./manifest.json[0m
2023-08-03 18:28:45.264 +0530 [debug] ([34mdata.js[0m) [31mRead {}[0m
2023-08-03 18:28:45.264 +0530 [debug] ([34mcustom-objects.js[0m) [31mto force or not? undefined[0m
2023-08-03 18:28:45.264 +0530 [debug] ([34mcustom-objects.js[0m) [31mbeginning to re-sync db[0m
2023-08-03 18:28:46.444 +0530 [debug] ([34mindex.js[0m) [31mloading model at "/home/sms/.nvm/versions/node/v18.17.0/lib/node_modules/fdk/lib/models/bigint-pivot.js"[0m
2023-08-03 18:28:46.446 +0530 [debug] ([34mindex.js[0m) [31mloading model at "/home/sms/.nvm/versions/node/v18.17.0/lib/node_modules/fdk/lib/models/entity-field-choice.js"[0m
2023-08-03 18:28:46.448 +0530 [debug] ([34mindex.js[0m) [31mloading model at "/home/sms/.nvm/versions/node/v18.17.0/lib/node_modules/fdk/lib/models/entity-field.js"[0m
2023-08-03 18:28:46.449 +0530 [debug] ([34mindex.js[0m) [31mloading model at "/home/sms/.nvm/versions/node/v18.17.0/lib/node_modules/fdk/lib/models/entity.js"[0m
2023-08-03 18:28:46.450 +0530 [debug] ([34mindex.js[0m) [31mloading model at "/home/sms/.nvm/versions/node/v18.17.0/lib/node_modules/fdk/lib/models/record.js"[0m
2023-08-03 18:28:46.451 +0530 [debug] ([34mindex.js[0m) [31mloading model at "/home/sms/.nvm/versions/node/v18.17.0/lib/node_modules/fdk/lib/models/string-pivot.js"[0m
2023-08-03 18:28:46.478 +0530 [debug] ([34mdata.js[0m) [31mRead {}[0m
2023-08-03 18:28:46.485 +0530 [debug] ([34mcustom-objects.js[0m) [31mupdated local store with latest entity hash[0m
2023-08-03 18:28:46.486 +0530 [info] Starting local testing server at http://*:10001/    
Append 'dev=true' to your Freshservice account URL to start testing    
e.g. https://domain.freshservice.com/helpdesk/tickets/1?dev=true    
Quit the server with Control-C.
